CS240: lab4. cs240 Tue Oct 13 21:53:11 EDT 2015  Total:  9 of 100

CS240: lab4. cs240 Tue Oct 13 21:57:46 EDT 2015  Total:  10 of 100

CS240: lab4. cs240 Tue Oct 13 21:58:16 EDT 2015  Total:  -11 of 79

CS240: lab4. cs240 Tue Oct 13 22:00:08 EDT 2015  Total:  -14 of 64

CS240: lab4. cs240 Tue Oct 13 22:00:41 EDT 2015  Total:  -14 of 64

CS240: lab5. cs240 Tue Oct 13 22:01:11 EDT 2015  Total:  6 of 64

CS240: lab5. amansin Wed Oct 21 15:59:11 EDT 2015  Total:  9 of 64

CS240: lab5. amansin Wed Oct 21 15:59:34 EDT 2015  Total:  9 of 64

CS240: lab5. amansin Wed Oct 21 15:59:41 EDT 2015  Total:  9 of 64

CS240: lab5. amansin Wed Oct 21 16:00:09 EDT 2015  Total:  9 of 64

CS240: lab5. amansin Wed Oct 21 16:04:47 EDT 2015  Total:  9 of 64

CS240: lab5. amansin Wed Oct 21 16:09:36 EDT 2015  Total:  9 of 64

CS240: lab5. amansin Wed Oct 21 16:12:04 EDT 2015  Total:  9 of 64

CS240: lab5. amansin Wed Oct 21 16:28:13 EDT 2015  Total:  12 of 64

CS240: lab5. amansin Wed Oct 21 16:28:43 EDT 2015  Total:  12 of 64

CS240: lab5. amansin Wed Oct 21 16:29:14 EDT 2015  Total:  12 of 64

CS240: lab5. amansin Wed Oct 21 16:37:47 EDT 2015  Total:  12 of 64

CS240: lab5. amansin Wed Oct 21 16:38:06 EDT 2015  Total:  15 of 64

CS240: lab5. amansin Wed Oct 21 16:40:10 EDT 2015  Total:  15 of 64

CS240: lab5. amansin Wed Oct 21 16:41:14 EDT 2015  Total:  15 of 64

CS240: lab5. amansin Wed Oct 21 16:42:40 EDT 2015  Total:  18 of 64

CS240: lab5. amansin Wed Oct 21 16:43:46 EDT 2015  Total:  21 of 64

CS240: lab5. amansin Wed Oct 21 16:50:12 EDT 2015  Total:  21 of 64

CS240: lab5. amansin Wed Oct 21 16:56:45 EDT 2015  Total:  24 of 64

CS240: lab5. amansin Wed Oct 21 17:02:18 EDT 2015  Total:  24 of 64

CS240: lab5. amansin Wed Oct 21 17:04:20 EDT 2015  Total:  24 of 64

CS240: lab5. amansin Wed Oct 21 17:05:50 EDT 2015  Total:  24 of 64

CS240: lab5. amansin Wed Oct 21 17:15:30 EDT 2015  Total:  24 of 64

CS240: lab5. amansin Wed Oct 21 17:24:36 EDT 2015  Total:  24 of 64

CS240: lab5. amansin Thu Oct 22 15:52:51 EDT 2015  Total:  24 of 64

CS240: lab5. amansin Thu Oct 22 15:53:21 EDT 2015  Total:  30 of 64

CS240: lab5. amansin Thu Oct 22 16:26:39 EDT 2015  Total:  30 of 64

CS240: lab5. amansin Thu Oct 22 16:36:29 EDT 2015  Total:  30 of 64

CS240: lab5. amansin Thu Oct 22 16:51:35 EDT 2015  Total:  33 of 64

CS240: lab5. amansin Thu Oct 22 16:59:31 EDT 2015  Total:  30 of 64

CS240: lab5. amansin Thu Oct 22 17:00:42 EDT 2015  Total:  30 of 64

CS240: lab5. amansin Thu Oct 22 17:01:40 EDT 2015  Total:  33 of 64

CS240: lab5. amansin Thu Oct 22 17:05:25 EDT 2015  Total:  36 of 64

CS240: lab5. amansin Fri Oct 23 18:50:43 EDT 2015  Total:  36 of 64

CS240: lab5. amansin Fri Oct 23 19:32:22 EDT 2015  Total:  44 of 64

CS240: lab5. amansin Wed Oct 28 15:43:37 EDT 2015  Total:  44 of 64

CS240: lab5. amansin Wed Oct 28 15:52:52 EDT 2015  Total:  44 of 64

CS240: lab5. amansin Wed Oct 28 15:56:41 EDT 2015  Total:  44 of 64

CS240: lab5. amansin Wed Oct 28 15:59:49 EDT 2015  Total:  44 of 64

CS240: lab5. amansin Wed Oct 28 16:02:51 EDT 2015  Total:  44 of 64

CS240: lab5. amansin Wed Oct 28 16:14:40 EDT 2015  Total:  44 of 64

CS240: lab5. amansin Wed Oct 28 16:22:11 EDT 2015  Total:  44 of 64

CS240: lab5. amansin Wed Oct 28 16:26:00 EDT 2015  Total:  44 of 64

CS240: lab5. amansin Wed Oct 28 16:32:30 EDT 2015  Total:  44 of 64

CS240: lab5. amansin Wed Oct 28 16:34:05 EDT 2015  Total:  44 of 64

CS240: lab5. amansin Wed Oct 28 16:58:02 EDT 2015  Total:  44 of 64

CS240: lab5. amansin Wed Oct 28 16:59:07 EDT 2015  Total:  44 of 64

CS240: lab5. amansin Wed Oct 28 17:11:51 EDT 2015  Total:  44 of 64

CS240: lab5. amansin Wed Oct 28 17:14:59 EDT 2015  Total:  44 of 64

CS240: lab5. amansin Wed Oct 28 17:22:39 EDT 2015  Total:  48 of 64

CS240: lab5. amansin Wed Oct 28 17:34:33 EDT 2015  Total:  48 of 64

CS240: lab5. amansin Wed Oct 28 17:38:31 EDT 2015  Total:  48 of 64

CS240: lab5. amansin Wed Oct 28 17:39:40 EDT 2015  Total:  52 of 64

CS240: lab5. amansin Wed Oct 28 17:48:56 EDT 2015  Total:  52 of 64

CS240: lab5. amansin Wed Oct 28 18:02:56 EDT 2015  Total:  52 of 64

CS240: lab5. amansin Wed Oct 28 18:16:16 EDT 2015  Total:  55 of 64

CS240: lab5. amansin Wed Oct 28 18:41:39 EDT 2015  Total:  55 of 64

CS240: lab5. amansin Wed Oct 28 18:46:09 EDT 2015  Total:  55 of 64

CS240: lab5. amansin Wed Oct 28 18:50:05 EDT 2015  Total:  55 of 64

CS240: lab5. amansin Wed Oct 28 18:51:15 EDT 2015  Total:  55 of 64

CS240: lab5. amansin Wed Oct 28 18:54:32 EDT 2015  Total:  55 of 64

CS240: lab5. amansin Wed Oct 28 19:00:27 EDT 2015  Total:  61 of 64

CS240: lab5. amansin Wed Oct 28 19:01:35 EDT 2015  Total:  64 of 64

CS240: lab5. amansin Wed Nov 11 15:53:51 EST 2015  Total:  64 of 64

